#
# There is insufficient memory for the Java Runtime Environment to continue.
# Native memory allocation (mmap) failed to map 65536 bytes for Failed to commit metaspace.
# Possible reasons:
#   The system is out of physical RAM or swap space
#   The process is running with CompressedOops enabled, and the Java Heap may be blocking the growth of the native heap
# Possible solutions:
#   Reduce memory load on the system
#   Increase physical memory or swap space
#   Check if swap backing store is full
#   Decrease Java heap size (-Xmx/-Xms)
#   Decrease number of Java threads
#   Decrease Java thread stack sizes (-Xss)
#   Set larger code cache with -XX:ReservedCodeCacheSize=
#   JVM is running with Unscaled Compressed Oops mode in which the Java heap is
#     placed in the first 4GB address space. The Java Heap base address is the
#     maximum limit for the native heap growth. Please use -XX:HeapBaseMinAddress
#     to set the Java Heap base and to place the Java Heap above 4GB virtual address.
# This output file may be truncated or incomplete.
#
#  Out of Memory Error (virtualSpaceNode.cpp:110), pid=4968, tid=816
#
# JRE version: OpenJDK Runtime Environment Temurin-17.0.1+12 (17.0.1+12) (build 17.0.1+12)
# Java VM: OpenJDK 64-Bit Server VM Temurin-17.0.1+12 (17.0.1+12, mixed mode, emulated-client, sharing, tiered, compressed oops, compressed class ptrs, g1 gc, windows-amd64)
# No core dump will be written. Minidumps are not enabled by default on client versions of Windows
#

---------------  S U M M A R Y ------------

Command Line: -XX:TieredStopAtLevel=1 -Xverify:none -Dspring.output.ansi.enabled=always -javaagent:C:\Program Files\JetBrains\IntelliJ IDEA 2021.1.3\lib\idea_rt.jar=55931:C:\Program Files\JetBrains\IntelliJ IDEA 2021.1.3\bin -Dcom.sun.management.jmxremote -Dspring.jmx.enabled=true -Dspring.liveBeansView.mbeanDomain -Dspring.application.admin.enabled=true -Dfile.encoding=UTF-8 vn.anthinhphatjsc.menuzi.service.Application

Host: AMD Ryzen 5 5500U with Radeon Graphics         , 12 cores, 7G,  Windows 10 , 64 bit Build 22000 (10.0.22000.708)
Time: Tue Jul 12 21:37:41 2022 SE Asia Standard Time elapsed time: 2.498503 seconds (0d 0h 0m 2s)

---------------  T H R E A D  ---------------

Current thread (0x000001d8486da010):  JavaThread "background-preinit" [_thread_in_vm, id=816, stack(0x0000004927e00000,0x0000004927f00000)]

Stack: [0x0000004927e00000,0x0000004927f00000]
Native frames: (J=compiled Java code, j=interpreted, Vv=VM code, C=native code)
V  [jvm.dll+0x6744da]
V  [jvm.dll+0x82e144]
V  [jvm.dll+0x82f8ee]
V  [jvm.dll+0x82ff53]
V  [jvm.dll+0x245175]
V  [jvm.dll+0x82a0eb]
V  [jvm.dll+0x619566]
V  [jvm.dll+0x1bff1e]
V  [jvm.dll+0x61beb1]
V  [jvm.dll+0x619f06]
V  [jvm.dll+0x2396df]
V  [jvm.dll+0x623b45]
V  [jvm.dll+0x1e9e4b]
V  [jvm.dll+0x1ea385]
V  [jvm.dll+0x1eadbf]
V  [jvm.dll+0x1e0261]
V  [jvm.dll+0x53b150]
V  [jvm.dll+0x7a9378]
V  [jvm.dll+0x7a9464]
V  [jvm.dll+0x40bfd5]
V  [jvm.dll+0x4121c8]
C  [java.dll+0x17ec]

Java frames: (J=compiled Java code, j=interpreted, Vv=VM code)
J 1190  java.lang.ClassLoader.defineClass1(Ljava/lang/ClassLoader;Ljava/lang/String;[BIILjava/security/ProtectionDomain;Ljava/lang/String;)Ljava/lang/Class; java.base@17.0.1 (0 bytes) @ 0x000001d83cfc4fe3 [0x000001d83cfc4f20+0x00000000000000c3]
J 1352 c1 java.lang.ClassLoader.defineClass(Ljava/lang/String;[BIILjava/security/ProtectionDomain;)Ljava/lang/Class; java.base@17.0.1 (43 bytes) @ 0x000001d83d00755c [0x000001d83d007460+0x00000000000000fc]
J 1213 c1 jdk.internal.loader.BuiltinClassLoader.defineClass(Ljava/lang/String;Ljdk/internal/loader/Resource;)Ljava/lang/Class; java.base@17.0.1 (121 bytes) @ 0x000001d83cfd1d64 [0x000001d83cfd18a0+0x00000000000004c4]
J 1194 c1 jdk.internal.loader.BuiltinClassLoader.findClassOnClassPathOrNull(Ljava/lang/String;)Ljava/lang/Class; java.base@17.0.1 (64 bytes) @ 0x000001d83cfc7c34 [0x000001d83cfc7980+0x00000000000002b4]
J 1039 c1 jdk.internal.loader.BuiltinClassLoader.loadClassOrNull(Ljava/lang/String;Z)Ljava/lang/Class; java.base@17.0.1 (143 bytes) @ 0x000001d83cf827dc [0x000001d83cf82380+0x000000000000045c]
J 1133 c1 jdk.internal.loader.ClassLoaders$AppClassLoader.loadClass(Ljava/lang/String;Z)Ljava/lang/Class; java.base@17.0.1 (40 bytes) @ 0x000001d83cfaaf24 [0x000001d83cfaade0+0x0000000000000144]
J 1125 c1 java.lang.ClassLoader.loadClass(Ljava/lang/String;)Ljava/lang/Class; java.base@17.0.1 (7 bytes) @ 0x000001d83cfa8d64 [0x000001d83cfa8d20+0x0000000000000044]
v  ~StubRoutines::call_stub
J 878  java.lang.Class.forName0(Ljava/lang/String;ZLjava/lang/ClassLoader;Ljava/lang/Class;)Ljava/lang/Class; java.base@17.0.1 (0 bytes) @ 0x000001d83ceb1caf [0x000001d83ceb1c20+0x000000000000008f]
J 882 c1 java.lang.Class.forName(Ljava/lang/String;ZLjava/lang/ClassLoader;)Ljava/lang/Class; java.base@17.0.1 (47 bytes) @ 0x000001d83ceb34b4 [0x000001d83ceb33c0+0x00000000000000f4]
j  org.jboss.logging.Messages.doGetBundle(Ljava/lang/Class;Ljava/util/Locale;)Ljava/lang/Object;+180
j  org.jboss.logging.Messages.getBundle(Ljava/lang/Class;Ljava/util/Locale;)Ljava/lang/Object;+8
j  org.jboss.logging.Messages.getBundle(Ljava/lang/Class;)Ljava/lang/Object;+4
j  org.hibernate.validator.internal.util.logging.Messages.<clinit>()V+2
v  ~StubRoutines::call_stub
j  org.hibernate.validator.messageinterpolation.AbstractMessageInterpolator.<init>(Lorg/hibernate/validator/spi/resourceloading/ResourceBundleLocator;Lorg/hibernate/validator/spi/resourceloading/ResourceBundleLocator;Ljava/util/Set;Ljava/util/Locale;Lorg/hibernate/validator/spi/messageinterpolation/LocaleResolver;ZZ)V+5
j  org.hibernate.validator.messageinterpolation.AbstractMessageInterpolator.<init>(Lorg/hibernate/validator/spi/resourceloading/ResourceBundleLocator;Lorg/hibernate/validator/spi/resourceloading/ResourceBundleLocator;Ljava/util/Set;Ljava/util/Locale;Lorg/hibernate/validator/spi/messageinterpolation/LocaleResolver;Z)V+11
j  org.hibernate.validator.messageinterpolation.AbstractMessageInterpolator.<init>(Lorg/hibernate/validator/spi/resourceloading/ResourceBundleLocator;Ljava/util/Set;Ljava/util/Locale;Lorg/hibernate/validator/spi/messageinterpolation/LocaleResolver;Z)V+9
j  org.hibernate.validator.messageinterpolation.ResourceBundleMessageInterpolator.<init>(Lorg/hibernate/validator/spi/resourceloading/ResourceBundleLocator;Ljava/util/Set;Ljava/util/Locale;Lorg/hibernate/validator/spi/messageinterpolation/LocaleResolver;Z)V+8
j  org.hibernate.validator.internal.engine.AbstractConfigurationImpl.getDefaultMessageInterpolator()Ljavax/validation/MessageInterpolator;+40
j  org.hibernate.validator.internal.engine.AbstractConfigurationImpl.getDefaultMessageInterpolatorConfiguredWithClassLoader()Ljavax/validation/MessageInterpolator;+153
j  org.hibernate.validator.internal.engine.AbstractConfigurationImpl.getMessageInterpolator()Ljavax/validation/MessageInterpolator;+23
j  org.hibernate.validator.internal.engine.ValidatorFactoryImpl.<init>(Ljavax/validation/spi/ConfigurationState;)V+89
j  org.hibernate.validator.HibernateValidator.buildValidatorFactory(Ljavax/validation/spi/ConfigurationState;)Ljavax/validation/ValidatorFactory;+5
j  org.hibernate.validator.internal.engine.AbstractConfigurationImpl.buildValidatorFactory()Ljavax/validation/ValidatorFactory;+211
j  org.springframework.boot.autoconfigure.BackgroundPreinitializer$ValidationInitializer.run()V+10
j  org.springframework.boot.autoconfigure.BackgroundPreinitializer$1.runSafely(Ljava/lang/Runnable;)V+1
j  org.springframework.boot.autoconfigure.BackgroundPreinitializer$1.run()V+21
j  java.lang.Thread.run()V+11 java.base@17.0.1
v  ~StubRoutines::call_stub

---------------  P R O C E S S  ---------------

Threads class SMR info:
_java_thread_list=0x000001d8486db060, length=19, elements={
0x000001d8350a09c0, 0x000001d8470fffe0, 0x000001d847100c50, 0x000001d847110c10,
0x000001d847111880, 0x000001d847113240, 0x000001d847113bf0, 0x000001d847115660,
0x000001d84711fc90, 0x000001d8471ae4f0, 0x000001d8470eaaa0, 0x000001d8470eafb0,
0x000001d847ffea80, 0x000001d84806d940, 0x000001d84820e520, 0x000001d8482ff5d0,
0x000001d84854ed00, 0x000001d848581740, 0x000001d8486da010
}

Java Threads: ( => current thread )
  0x000001d8350a09c0 JavaThread "main" [_thread_blocked, id=7088, stack(0x0000004925c00000,0x0000004925d00000)]
  0x000001d8470fffe0 JavaThread "Reference Handler" daemon [_thread_blocked, id=15932, stack(0x0000004926300000,0x0000004926400000)]
  0x000001d847100c50 JavaThread "Finalizer" daemon [_thread_blocked, id=6236, stack(0x0000004926400000,0x0000004926500000)]
  0x000001d847110c10 JavaThread "Signal Dispatcher" daemon [_thread_blocked, id=1424, stack(0x0000004926500000,0x0000004926600000)]
  0x000001d847111880 JavaThread "Attach Listener" daemon [_thread_blocked, id=9512, stack(0x0000004926600000,0x0000004926700000)]
  0x000001d847113240 JavaThread "Service Thread" daemon [_thread_blocked, id=16316, stack(0x0000004926700000,0x0000004926800000)]
  0x000001d847113bf0 JavaThread "Monitor Deflation Thread" daemon [_thread_blocked, id=6552, stack(0x0000004926800000,0x0000004926900000)]
  0x000001d847115660 JavaThread "C1 CompilerThread0" daemon [_thread_blocked, id=5020, stack(0x0000004926900000,0x0000004926a00000)]
  0x000001d84711fc90 JavaThread "Sweeper thread" daemon [_thread_blocked, id=18320, stack(0x0000004926a00000,0x0000004926b00000)]
  0x000001d8471ae4f0 JavaThread "Common-Cleaner" daemon [_thread_blocked, id=4240, stack(0x0000004926b00000,0x0000004926c00000)]
  0x000001d8470eaaa0 JavaThread "C1 CompilerThread1" daemon [_thread_blocked, id=5392, stack(0x0000004926c00000,0x0000004926d00000)]
  0x000001d8470eafb0 JavaThread "C1 CompilerThread2" daemon [_thread_blocked, id=13732, stack(0x0000004926d00000,0x0000004926e00000)]
  0x000001d847ffea80 JavaThread "Monitor Ctrl-Break" daemon [_thread_in_native, id=9524, stack(0x0000004926e00000,0x0000004926f00000)]
  0x000001d84806d940 JavaThread "Notification Thread" daemon [_thread_blocked, id=7536, stack(0x0000004926f00000,0x0000004927000000)]
  0x000001d84820e520 JavaThread "RMI TCP Accept-0" daemon [_thread_in_native, id=10628, stack(0x0000004927000000,0x0000004927100000)]
  0x000001d8482ff5d0 JavaThread "C1 CompilerThread3" daemon [_thread_blocked, id=724, stack(0x0000004927200000,0x0000004927300000)]
  0x000001d84854ed00 JavaThread "Thread-0" [_thread_blocked, id=15996, stack(0x0000004927c00000,0x0000004927d00000)]
  0x000001d848581740 JavaThread "restartedMain" [_thread_in_vm, id=11348, stack(0x0000004927d00000,0x0000004927e00000)]
=>0x000001d8486da010 JavaThread "background-preinit" [_thread_in_vm, id=816, stack(0x0000004927e00000,0x0000004927f00000)]

Other Threads:
  0x000001d8470fc4f0 VMThread "VM Thread" [stack: 0x0000004926200000,0x0000004926300000] [id=12336]
  0x000001d8350fb790 WatcherThread [stack: 0x0000004927100000,0x0000004927200000] [id=13796]
  0x000001d8350dcd50 GCTaskThread "GC Thread#0" [stack: 0x0000004925d00000,0x0000004925e00000] [id=12228]
  0x000001d84850eea0 GCTaskThread "GC Thread#1" [stack: 0x0000004927300000,0x0000004927400000] [id=13284]
  0x000001d848563b20 GCTaskThread "GC Thread#2" [stack: 0x0000004927400000,0x0000004927500000] [id=17164]
  0x000001d848565de0 GCTaskThread "GC Thread#3" [stack: 0x0000004927500000,0x0000004927600000] [id=4864]
  0x000001d848566090 GCTaskThread "GC Thread#4" [stack: 0x0000004927600000,0x0000004927700000] [id=13856]
  0x000001d848566750 GCTaskThread "GC Thread#5" [stack: 0x0000004927700000,0x0000004927800000] [id=13964]
  0x000001d848567630 GCTaskThread "GC Thread#6" [stack: 0x0000004927800000,0x0000004927900000] [id=6924]
  0x000001d8485680f0 GCTaskThread "GC Thread#7" [stack: 0x0000004927900000,0x0000004927a00000] [id=2308]
  0x000001d8350ec810 ConcurrentGCThread "G1 Main Marker" [stack: 0x0000004925e00000,0x0000004925f00000] [id=8796]
  0x000001d8350ed220 ConcurrentGCThread "G1 Conc#0" [stack: 0x0000004925f00000,0x0000004926000000] [id=14940]
  0x000001d835165f40 ConcurrentGCThread "G1 Refine#0" [stack: 0x0000004926000000,0x0000004926100000] [id=14892]
  0x000001d8485415b0 ConcurrentGCThread "G1 Refine#1" [stack: 0x0000004927a00000,0x0000004927b00000] [id=10852]
  0x000001d847db1c90 ConcurrentGCThread "G1 Refine#2" [stack: 0x0000004927b00000,0x0000004927c00000] [id=2632]
  0x000001d835166960 ConcurrentGCThread "G1 Service" [stack: 0x0000004926100000,0x0000004926200000] [id=16016]

Threads with active compile tasks:

VM state: not at safepoint (normal execution)

VM Mutex/Monitor currently owned by a thread:  ([mutex/lock_event])
[0x000001d832fad770] Metaspace_lock - owner thread: 0x000001d8486da010

Heap address: 0x000000008a400000, size: 1884 MB, Compressed Oops mode: 32-bit

CDS archive(s) mapped at: [0x0000000800000000-0x0000000800bc0000-0x0000000800bc0000), size 12320768, SharedBaseAddress: 0x0000000800000000, ArchiveRelocationMode: 0.
Compressed class space mapped at: 0x0000000800c00000-0x0000000840c00000, reserved size: 1073741824
Narrow klass base: 0x0000000800000000, Narrow klass shift: 0, Narrow klass range: 0x100000000

GC Precious Log:
 CPUs: 12 total, 12 available
 Memory: 7530M
 Large Page Support: Disabled
 NUMA Support: Disabled
 Compressed Oops: Enabled (32-bit)
 Heap Region Size: 1M
 Heap Min Capacity: 8M
 Heap Initial Capacity: 118M
 Heap Max Capacity: 1884M
 Pre-touch: Disabled
 Parallel Workers: 10
 Concurrent Workers: 3
 Concurrent Refinement Workers: 10
 Periodic GC: Disabled

Heap:
 garbage-first heap   total 120832K, used 49053K [0x000000008a400000, 0x0000000100000000)
  region size 1024K, 42 young (43008K), 1 survivors (1024K)
 Metaspace       used 11850K, committed 12096K, reserved 1064960K
  class space    used 1584K, committed 1728K, reserved 1048576K

Heap Regions: E=young(eden), S=young(survivor), O=old, HS=humongous(starts), HC=humongous(continues), CS=collection set, F=free, OA=open archive, CA=closed archive, TAMS=top-at-mark-start (previous, next)
|   0|0x000000008a400000, 0x000000008a500000, 0x000000008a500000|100%|HS|  |TAMS 0x000000008a400000, 0x000000008a400000| Complete 
|   1|0x000000008a500000, 0x000000008a600000, 0x000000008a600000|100%| O|  |TAMS 0x000000008a500000, 0x000000008a500000| Untracked 
|   2|0x000000008a600000, 0x000000008a700000, 0x000000008a700000|100%| O|  |TAMS 0x000000008a600000, 0x000000008a600000| Untracked 
|   3|0x000000008a700000, 0x000000008a800000, 0x000000008a800000|100%| O|  |TAMS 0x000000008a700000, 0x000000008a700000| Untracked 
|   4|0x000000008a800000, 0x000000008a900000, 0x000000008a900000|100%| O|  |TAMS 0x000000008a800000, 0x000000008a800000| Untracked 
|   5|0x000000008a900000, 0x000000008aa00000, 0x000000008aa00000|100%| O|  |TAMS 0x000000008a900000, 0x000000008a900000| Untracked 
|   6|0x000000008aa00000, 0x000000008ab00000, 0x000000008ab00000|100%| O|  |TAMS 0x000000008aa00000, 0x000000008aa00000| Untracked 
|   7|0x000000008ab00000, 0x000000008ac00000, 0x000000008ac00000|100%| O|  |TAMS 0x000000008ab00000, 0x000000008ab00000| Untracked 
|   8|0x000000008ac00000, 0x000000008ac8be00, 0x000000008ad00000| 54%| O|  |TAMS 0x000000008ac00000, 0x000000008ac00000| Untracked 
|   9|0x000000008ad00000, 0x000000008ad00000, 0x000000008ae00000|  0%| F|  |TAMS 0x000000008ad00000, 0x000000008ad00000| Untracked 
|  10|0x000000008ae00000, 0x000000008ae00000, 0x000000008af00000|  0%| F|  |TAMS 0x000000008ae00000, 0x000000008ae00000| Untracked 
|  11|0x000000008af00000, 0x000000008af00000, 0x000000008b000000|  0%| F|  |TAMS 0x000000008af00000, 0x000000008af00000| Untracked 
|  12|0x000000008b000000, 0x000000008b000000, 0x000000008b100000|  0%| F|  |TAMS 0x000000008b000000, 0x000000008b000000| Untracked 
|  13|0x000000008b100000, 0x000000008b100000, 0x000000008b200000|  0%| F|  |TAMS 0x000000008b100000, 0x000000008b100000| Untracked 
|  14|0x000000008b200000, 0x000000008b200000, 0x000000008b300000|  0%| F|  |TAMS 0x000000008b200000, 0x000000008b200000| Untracked 
|  15|0x000000008b300000, 0x000000008b300000, 0x000000008b400000|  0%| F|  |TAMS 0x000000008b300000, 0x000000008b300000| Untracked 
|  16|0x000000008b400000, 0x000000008b400000, 0x000000008b500000|  0%| F|  |TAMS 0x000000008b400000, 0x000000008b400000| Untracked 
|  17|0x000000008b500000, 0x000000008b500000, 0x000000008b600000|  0%| F|  |TAMS 0x000000008b500000, 0x000000008b500000| Untracked 
|  18|0x000000008b600000, 0x000000008b600000, 0x000000008b700000|  0%| F|  |TAMS 0x000000008b600000, 0x000000008b600000| Untracked 
|  19|0x000000008b700000, 0x000000008b700000, 0x000000008b800000|  0%| F|  |TAMS 0x000000008b700000, 0x000000008b700000| Untracked 
|  20|0x000000008b800000, 0x000000008b800000, 0x000000008b900000|  0%| F|  |TAMS 0x000000008b800000, 0x000000008b800000| Untracked 
|  21|0x000000008b900000, 0x000000008b900000, 0x000000008ba00000|  0%| F|  |TAMS 0x000000008b900000, 0x000000008b900000| Untracked 
|  22|0x000000008ba00000, 0x000000008ba00000, 0x000000008bb00000|  0%| F|  |TAMS 0x000000008ba00000, 0x000000008ba00000| Untracked 
|  23|0x000000008bb00000, 0x000000008bb00000, 0x000000008bc00000|  0%| F|  |TAMS 0x000000008bb00000, 0x000000008bb00000| Untracked 
|  24|0x000000008bc00000, 0x000000008bc00000, 0x000000008bd00000|  0%| F|  |TAMS 0x000000008bc00000, 0x000000008bc00000| Untracked 
|  25|0x000000008bd00000, 0x000000008bd00000, 0x000000008be00000|  0%| F|  |TAMS 0x000000008bd00000, 0x000000008bd00000| Untracked 
|  26|0x000000008be00000, 0x000000008be00000, 0x000000008bf00000|  0%| F|  |TAMS 0x000000008be00000, 0x000000008be00000| Untracked 
|  27|0x000000008bf00000, 0x000000008bf00000, 0x000000008c000000|  0%| F|  |TAMS 0x000000008bf00000, 0x000000008bf00000| Untracked 
|  28|0x000000008c000000, 0x000000008c000000, 0x000000008c100000|  0%| F|  |TAMS 0x000000008c000000, 0x000000008c000000| Untracked 
|  29|0x000000008c100000, 0x000000008c100000, 0x000000008c200000|  0%| F|  |TAMS 0x000000008c100000, 0x000000008c100000| Untracked 
|  30|0x000000008c200000, 0x000000008c200000, 0x000000008c300000|  0%| F|  |TAMS 0x000000008c200000, 0x000000008c200000| Untracked 
|  31|0x000000008c300000, 0x000000008c300000, 0x000000008c400000|  0%| F|  |TAMS 0x000000008c300000, 0x000000008c300000| Untracked 
|  32|0x000000008c400000, 0x000000008c400000, 0x000000008c500000|  0%| F|  |TAMS 0x000000008c400000, 0x000000008c400000| Untracked 
|  33|0x000000008c500000, 0x000000008c500000, 0x000000008c600000|  0%| F|  |TAMS 0x000000008c500000, 0x000000008c500000| Untracked 
|  34|0x000000008c600000, 0x000000008c600000, 0x000000008c700000|  0%| F|  |TAMS 0x000000008c600000, 0x000000008c600000| Untracked 
|  35|0x000000008c700000, 0x000000008c700000, 0x000000008c800000|  0%| F|  |TAMS 0x000000008c700000, 0x000000008c700000| Untracked 
|  36|0x000000008c800000, 0x000000008c800000, 0x000000008c900000|  0%| F|  |TAMS 0x000000008c800000, 0x000000008c800000| Untracked 
|  37|0x000000008c900000, 0x000000008c900000, 0x000000008ca00000|  0%| F|  |TAMS 0x000000008c900000, 0x000000008c900000| Untracked 
|  38|0x000000008ca00000, 0x000000008ca00000, 0x000000008cb00000|  0%| F|  |TAMS 0x000000008ca00000, 0x000000008ca00000| Untracked 
|  39|0x000000008cb00000, 0x000000008cb00000, 0x000000008cc00000|  0%| F|  |TAMS 0x000000008cb00000, 0x000000008cb00000| Untracked 
|  40|0x000000008cc00000, 0x000000008cc00000, 0x000000008cd00000|  0%| F|  |TAMS 0x000000008cc00000, 0x000000008cc00000| Untracked 
|  41|0x000000008cd00000, 0x000000008cd00000, 0x000000008ce00000|  0%| F|  |TAMS 0x000000008cd00000, 0x000000008cd00000| Untracked 
|  42|0x000000008ce00000, 0x000000008ce00000, 0x000000008cf00000|  0%| F|  |TAMS 0x000000008ce00000, 0x000000008ce00000| Untracked 
|  43|0x000000008cf00000, 0x000000008cf00000, 0x000000008d000000|  0%| F|  |TAMS 0x000000008cf00000, 0x000000008cf00000| Untracked 
|  44|0x000000008d000000, 0x000000008d000000, 0x000000008d100000|  0%| F|  |TAMS 0x000000008d000000, 0x000000008d000000| Untracked 
|  45|0x000000008d100000, 0x000000008d100000, 0x000000008d200000|  0%| F|  |TAMS 0x000000008d100000, 0x000000008d100000| Untracked 
|  46|0x000000008d200000, 0x000000008d200000, 0x000000008d300000|  0%| F|  |TAMS 0x000000008d200000, 0x000000008d200000| Untracked 
|  47|0x000000008d300000, 0x000000008d300000, 0x000000008d400000|  0%| F|  |TAMS 0x000000008d300000, 0x000000008d300000| Untracked 
|  48|0x000000008d400000, 0x000000008d400000, 0x000000008d500000|  0%| F|  |TAMS 0x000000008d400000, 0x000000008d400000| Untracked 
|  49|0x000000008d500000, 0x000000008d500000, 0x000000008d600000|  0%| F|  |TAMS 0x000000008d500000, 0x000000008d500000| Untracked 
|  50|0x000000008d600000, 0x000000008d600000, 0x000000008d700000|  0%| F|  |TAMS 0x000000008d600000, 0x000000008d600000| Untracked 
|  51|0x000000008d700000, 0x000000008d700000, 0x000000008d800000|  0%| F|  |TAMS 0x000000008d700000, 0x000000008d700000| Untracked 
|  52|0x000000008d800000, 0x000000008d800000, 0x000000008d900000|  0%| F|  |TAMS 0x000000008d800000, 0x000000008d800000| Untracked 
|  53|0x000000008d900000, 0x000000008d900000, 0x000000008da00000|  0%| F|  |TAMS 0x000000008d900000, 0x000000008d900000| Untracked 
|  54|0x000000008da00000, 0x000000008da00000, 0x000000008db00000|  0%| F|  |TAMS 0x000000008da00000, 0x000000008da00000| Untracked 
|  55|0x000000008db00000, 0x000000008db00000, 0x000000008dc00000|  0%| F|  |TAMS 0x000000008db00000, 0x000000008db00000| Untracked 
|  56|0x000000008dc00000, 0x000000008dc00000, 0x000000008dd00000|  0%| F|  |TAMS 0x000000008dc00000, 0x000000008dc00000| Untracked 
|  57|0x000000008dd00000, 0x000000008dd00000, 0x000000008de00000|  0%| F|  |TAMS 0x000000008dd00000, 0x000000008dd00000| Untracked 
|  58|0x000000008de00000, 0x000000008de00000, 0x000000008df00000|  0%| F|  |TAMS 0x000000008de00000, 0x000000008de00000| Untracked 
|  59|0x000000008df00000, 0x000000008df00000, 0x000000008e000000|  0%| F|  |TAMS 0x000000008df00000, 0x000000008df00000| Untracked 
|  60|0x000000008e000000, 0x000000008e000000, 0x000000008e100000|  0%| F|  |TAMS 0x000000008e000000, 0x000000008e000000| Untracked 
|  61|0x000000008e100000, 0x000000008e100000, 0x000000008e200000|  0%| F|  |TAMS 0x000000008e100000, 0x000000008e100000| Untracked 
|  62|0x000000008e200000, 0x000000008e200000, 0x000000008e300000|  0%| F|  |TAMS 0x000000008e200000, 0x000000008e200000| Untracked 
|  63|0x000000008e300000, 0x000000008e300000, 0x000000008e400000|  0%| F|  |TAMS 0x000000008e300000, 0x000000008e300000| Untracked 
|  64|0x000000008e400000, 0x000000008e400000, 0x000000008e500000|  0%| F|  |TAMS 0x000000008e400000, 0x000000008e400000| Untracked 
|  65|0x000000008e500000, 0x000000008e500000, 0x000000008e600000|  0%| F|  |TAMS 0x000000008e500000, 0x000000008e500000| Untracked 
|  66|0x000000008e600000, 0x000000008e600000, 0x000000008e700000|  0%| F|  |TAMS 0x000000008e600000, 0x000000008e600000| Untracked 
|  67|0x000000008e700000, 0x000000008e700000, 0x000000008e800000|  0%| F|  |TAMS 0x000000008e700000, 0x000000008e700000| Untracked 
|  68|0x000000008e800000, 0x000000008e800000, 0x000000008e900000|  0%| F|  |TAMS 0x000000008e800000, 0x000000008e800000| Untracked 
|  69|0x000000008e900000, 0x000000008e900000, 0x000000008ea00000|  0%| F|  |TAMS 0x000000008e900000, 0x000000008e900000| Untracked 
|  70|0x000000008ea00000, 0x000000008ea00000, 0x000000008eb00000|  0%| F|  |TAMS 0x000000008ea00000, 0x000000008ea00000| Untracked 
|  71|0x000000008eb00000, 0x000000008eb00000, 0x000000008ec00000|  0%| F|  |TAMS 0x000000008eb00000, 0x000000008eb00000| Untracked 
|  72|0x000000008ec00000, 0x000000008ec00000, 0x000000008ed00000|  0%| F|  |TAMS 0x000000008ec00000, 0x000000008ec00000| Untracked 
|  73|0x000000008ed00000, 0x000000008ed00000, 0x000000008ee00000|  0%| F|  |TAMS 0x000000008ed00000, 0x000000008ed00000| Untracked 
|  74|0x000000008ee00000, 0x000000008ee00000, 0x000000008ef00000|  0%| F|  |TAMS 0x000000008ee00000, 0x000000008ee00000| Untracked 
|  75|0x000000008ef00000, 0x000000008ef00000, 0x000000008f000000|  0%| F|  |TAMS 0x000000008ef00000, 0x000000008ef00000| Untracked 
|  76|0x000000008f000000, 0x000000008f100000, 0x000000008f100000|100%| E|  |TAMS 0x000000008f000000, 0x000000008f000000| Complete 
|  77|0x000000008f100000, 0x000000008f200000, 0x000000008f200000|100%| E|CS|TAMS 0x000000008f100000, 0x000000008f100000| Complete 
|  78|0x000000008f200000, 0x000000008f300000, 0x000000008f300000|100%| E|CS|TAMS 0x000000008f200000, 0x000000008f200000| Complete 
|  79|0x000000008f300000, 0x000000008f400000, 0x000000008f400000|100%| E|CS|TAMS 0x000000008f300000, 0x000000008f300000| Complete 
|  80|0x000000008f400000, 0x000000008f500000, 0x000000008f500000|100%| E|CS|TAMS 0x000000008f400000, 0x000000008f400000| Complete 
|  81|0x000000008f500000, 0x000000008f600000, 0x000000008f600000|100%| E|CS|TAMS 0x000000008f500000, 0x000000008f500000| Complete 
|  82|0x000000008f600000, 0x000000008f700000, 0x000000008f700000|100%| E|CS|TAMS 0x000000008f600000, 0x000000008f600000| Complete 
|  83|0x000000008f700000, 0x000000008f800000, 0x000000008f800000|100%| E|  |TAMS 0x000000008f700000, 0x000000008f700000| Complete 
|  84|0x000000008f800000, 0x000000008f900000, 0x000000008f900000|100%| E|CS|TAMS 0x000000008f800000, 0x000000008f800000| Complete 
|  85|0x000000008f900000, 0x000000008fa00000, 0x000000008fa00000|100%| E|CS|TAMS 0x000000008f900000, 0x000000008f900000| Complete 
|  86|0x000000008fa00000, 0x000000008fb00000, 0x000000008fb00000|100%| E|CS|TAMS 0x000000008fa00000, 0x000000008fa00000| Complete 
|  87|0x000000008fb00000, 0x000000008fc00000, 0x000000008fc00000|100%| E|CS|TAMS 0x000000008fb00000, 0x000000008fb00000| Complete 
|  88|0x000000008fc00000, 0x000000008fd00000, 0x000000008fd00000|100%| E|CS|TAMS 0x000000008fc00000, 0x000000008fc00000| Complete 
|  89|0x000000008fd00000, 0x000000008fe00000, 0x000000008fe00000|100%| E|CS|TAMS 0x000000008fd00000, 0x000000008fd00000| Complete 
|  90|0x000000008fe00000, 0x000000008fe5b820, 0x000000008ff00000| 35%| S|CS|TAMS 0x000000008fe00000, 0x000000008fe00000| Complete 
|  91|0x000000008ff00000, 0x0000000090000000, 0x0000000090000000|100%| E|CS|TAMS 0x000000008ff00000, 0x000000008ff00000| Complete 
|  92|0x0000000090000000, 0x0000000090100000, 0x0000000090100000|100%| E|CS|TAMS 0x0000000090000000, 0x0000000090000000| Complete 
|  93|0x0000000090100000, 0x0000000090200000, 0x0000000090200000|100%| E|CS|TAMS 0x0000000090100000, 0x0000000090100000| Complete 
|  94|0x0000000090200000, 0x0000000090300000, 0x0000000090300000|100%| E|CS|TAMS 0x0000000090200000, 0x0000000090200000| Complete 
|  95|0x0000000090300000, 0x0000000090400000, 0x0000000090400000|100%| E|CS|TAMS 0x0000000090300000, 0x0000000090300000| Complete 
|  96|0x0000000090400000, 0x0000000090500000, 0x0000000090500000|100%| E|CS|TAMS 0x0000000090400000, 0x0000000090400000| Complete 
|  97|0x0000000090500000, 0x0000000090600000, 0x0000000090600000|100%| E|CS|TAMS 0x0000000090500000, 0x0000000090500000| Complete 
|  98|0x0000000090600000, 0x0000000090700000, 0x0000000090700000|100%| E|CS|TAMS 0x0000000090600000, 0x0000000090600000| Complete 
|  99|0x0000000090700000, 0x0000000090800000, 0x0000000090800000|100%| E|CS|TAMS 0x0000000090700000, 0x0000000090700000| Complete 
| 100|0x0000000090800000, 0x0000000090900000, 0x0000000090900000|100%| E|CS|TAMS 0x0000000090800000, 0x0000000090800000| Complete 
| 101|0x0000000090900000, 0x0000000090a00000, 0x0000000090a00000|100%| E|CS|TAMS 0x0000000090900000, 0x0000000090900000| Complete 
| 102|0x0000000090a00000, 0x0000000090b00000, 0x0000000090b00000|100%| E|CS|TAMS 0x0000000090a00000, 0x0000000090a00000| Complete 
| 103|0x0000000090b00000, 0x0000000090c00000, 0x0000000090c00000|100%| E|CS|TAMS 0x0000000090b00000, 0x0000000090b00000| Complete 
| 104|0x0000000090c00000, 0x0000000090d00000, 0x0000000090d00000|100%| E|CS|TAMS 0x0000000090c00000, 0x0000000090c00000| Complete 
| 105|0x0000000090d00000, 0x0000000090e00000, 0x0000000090e00000|100%| E|CS|TAMS 0x0000000090d00000, 0x0000000090d00000| Complete 
| 106|0x0000000090e00000, 0x0000000090f00000, 0x0000000090f00000|100%| E|CS|TAMS 0x0000000090e00000, 0x0000000090e00000| Complete 
| 107|0x0000000090f00000, 0x0000000091000000, 0x0000000091000000|100%| E|CS|TAMS 0x0000000090f00000, 0x0000000090f00000| Complete 
| 108|0x0000000091000000, 0x0000000091100000, 0x0000000091100000|100%| E|CS|TAMS 0x0000000091000000, 0x0000000091000000| Complete 
| 109|0x0000000091100000, 0x0000000091200000, 0x0000000091200000|100%| E|CS|TAMS 0x0000000091100000, 0x0000000091100000| Complete 
| 110|0x0000000091200000, 0x0000000091300000, 0x0000000091300000|100%| E|CS|TAMS 0x0000000091200000, 0x0000000091200000| Complete 
| 111|0x0000000091300000, 0x0000000091400000, 0x0000000091400000|100%| E|CS|TAMS 0x0000000091300000, 0x0000000091300000| Complete 
| 112|0x0000000091400000, 0x0000000091500000, 0x0000000091500000|100%| E|CS|TAMS 0x0000000091400000, 0x0000000091400000| Complete 
| 113|0x0000000091500000, 0x0000000091600000, 0x0000000091600000|100%| E|CS|TAMS 0x0000000091500000, 0x0000000091500000| Complete 
| 114|0x0000000091600000, 0x0000000091700000, 0x0000000091700000|100%| E|CS|TAMS 0x0000000091600000, 0x0000000091600000| Complete 
| 115|0x0000000091700000, 0x0000000091800000, 0x0000000091800000|100%| E|CS|TAMS 0x0000000091700000, 0x0000000091700000| Complete 
| 116|0x0000000091800000, 0x0000000091900000, 0x0000000091900000|100%| E|CS|TAMS 0x0000000091800000, 0x0000000091800000| Complete 
| 117|0x0000000091900000, 0x0000000091a00000, 0x0000000091a00000|100%| E|CS|TAMS 0x0000000091900000, 0x0000000091900000| Complete 

Card table byte_map: [0x000001d840250000,0x000001d840600000] _byte_map_base: 0x000001d83fdfe000

Marking Bits (Prev, Next): (CMBitMap*) 0x000001d8350dd360, (CMBitMap*) 0x000001d8350dd3a0
 Prev Bits: [0x000001d8409b0000, 0x000001d842720000)
 Next Bits: [0x000001d842720000, 0x000001d844490000)

Polling page: 0x000001d833090000

Metaspace:

Usage:
  Non-class:     10.03 MB used.
      Class:      1.55 MB used.
       Both:     11.57 MB used.

Virtual space:
  Non-class space:       16.00 MB reserved,      10.12 MB ( 63%) committed,  2 nodes.
      Class space:        1.00 GB reserved,       1.69 MB ( <1%) committed,  1 nodes.
             Both:        1.02 GB reserved,      11.81 MB (  1%) committed. 

Chunk freelists:
   Non-Class:  1.67 MB
       Class:  2.35 MB
        Both:  4.02 MB

MaxMetaspaceSize: unlimited
CompressedClassSpaceSize: 1.00 GB
Initial GC threshold: 21.00 MB
Current GC threshold: 21.00 MB
CDS: on
MetaspaceReclaimPolicy: balanced
 - commit_granule_bytes: 65536.
 - commit_granule_words: 8192.
 - virtual_space_node_default_size: 1048576.
 - enlarge_chunks_in_place: 1.
 - new_chunks_are_fully_committed: 0.
 - uncommit_free_chunks: 1.
 - use_allocation_guard: 0.
 - handle_deallocations: 1.


Internal statistics:

num_allocs_failed_limit: 0.
num_arena_births: 180.
num_arena_deaths: 0.
num_vsnodes_births: 3.
num_vsnodes_deaths: 0.
num_space_committed: 189.
num_space_uncommitted: 0.
num_chunks_returned_to_freelist: 0.
num_chunks_taken_from_freelist: 476.
num_chunk_merges: 0.
num_chunk_splits: 321.
num_chunks_enlarged: 238.
num_purges: 0.
num_inconsistent_stats: 0.

CodeCache: size=49152Kb used=5654Kb max_used=5654Kb free=43497Kb
 bounds [0x000001d83cb60000, 0x000001d83d0f0000, 0x000001d83fb60000]
 total_blobs=2382 nmethods=1919 adapters=387
 compilation: enabled
              stopped_count=0, restarted_count=0
 full_count=0

Compilation events (20 events):
Event: 2.491 Thread 0x000001d847115660 1901       1       java.util.Arrays$ArrayList::size (6 bytes)
Event: 2.492 Thread 0x000001d847115660 nmethod 1901 0x000001d83d0df610 code [0x000001d83d0df7a0, 0x000001d83d0df878]
Event: 2.492 Thread 0x000001d847115660 1902       1       java.lang.Class::privateGetDeclaredMethods (64 bytes)
Event: 2.492 Thread 0x000001d847115660 nmethod 1902 0x000001d83d0df910 code [0x000001d83d0dfb00, 0x000001d83d0dfeb8]
Event: 2.493 Thread 0x000001d8470eafb0 1903       1       jdk.internal.org.objectweb.asm.Frame::getConcreteOutputType (111 bytes)
Event: 2.493 Thread 0x000001d8470eafb0 nmethod 1903 0x000001d83d0e0090 code [0x000001d83d0e0240, 0x000001d83d0e0458]
Event: 2.494 Thread 0x000001d8470eafb0 1904       1       sun.reflect.generics.parser.SignatureParser::init (16 bytes)
Event: 2.494 Thread 0x000001d8482ff5d0 1905       1       java.lang.reflect.Method::getParameterCount (6 bytes)
Event: 2.494 Thread 0x000001d8470eafb0 nmethod 1904 0x000001d83d0e0590 code [0x000001d83d0e0720, 0x000001d83d0e0838]
Event: 2.494 Thread 0x000001d8482ff5d0 nmethod 1905 0x000001d83d0e0890 code [0x000001d83d0e0a20, 0x000001d83d0e0af8]
Event: 2.495 Thread 0x000001d8482ff5d0 1906       1       java.nio.Buffer::limit (65 bytes)
Event: 2.496 Thread 0x000001d847115660 1907       1       org.springframework.core.annotation.AttributeMethods::size (6 bytes)
Event: 2.496 Thread 0x000001d8482ff5d0 nmethod 1906 0x000001d83d0e0b90 code [0x000001d83d0e0d20, 0x000001d83d0e0e68]
Event: 2.496 Thread 0x000001d847115660 nmethod 1907 0x000001d83d0e0f10 code [0x000001d83d0e10a0, 0x000001d83d0e1178]
Event: 2.496 Thread 0x000001d847115660 1908       1       java.util.Arrays::fill (21 bytes)
Event: 2.496 Thread 0x000001d847115660 nmethod 1908 0x000001d83d0e1210 code [0x000001d83d0e13a0, 0x000001d83d0e1478]
Event: 2.496 Thread 0x000001d847115660 1909       1       java.lang.reflect.Method::equals (65 bytes)
Event: 2.496 Thread 0x000001d8470eafb0 1910       1       org.springframework.core.annotation.AnnotationTypeMapping::access$000 (5 bytes)
Event: 2.496 Thread 0x000001d8482ff5d0 1912       1       java.lang.reflect.AccessibleObject::verifyAccess (55 bytes)
Event: 2.496 Thread 0x000001d8470eaaa0 1911       1       java.lang.reflect.AccessibleObject::checkAccess (40 bytes)

GC Heap History (4 events):
Event: 1.432 GC heap before
{Heap before GC invocations=0 (full 0):
 garbage-first heap   total 120832K, used 23552K [0x000000008a400000, 0x0000000100000000)
  region size 1024K, 23 young (23552K), 0 survivors (0K)
 Metaspace       used 6560K, committed 6720K, reserved 1056768K
  class space    used 794K, committed 896K, reserved 1048576K
}
Event: 1.449 GC heap after
{Heap after GC invocations=1 (full 0):
 garbage-first heap   total 120832K, used 8432K [0x000000008a400000, 0x0000000100000000)
  region size 1024K, 3 young (3072K), 3 survivors (3072K)
 Metaspace       used 6560K, committed 6720K, reserved 1056768K
  class space    used 794K, committed 896K, reserved 1048576K
}
Event: 1.470 GC heap before
{Heap before GC invocations=1 (full 0):
 garbage-first heap   total 120832K, used 31984K [0x000000008a400000, 0x0000000100000000)
  region size 1024K, 27 young (27648K), 3 survivors (3072K)
 Metaspace       used 6561K, committed 6720K, reserved 1056768K
  class space    used 794K, committed 896K, reserved 1048576K
}
Event: 1.478 GC heap after
{Heap after GC invocations=2 (full 0):
 garbage-first heap   total 120832K, used 9117K [0x000000008a400000, 0x0000000100000000)
  region size 1024K, 1 young (1024K), 1 survivors (1024K)
 Metaspace       used 6561K, committed 6720K, reserved 1056768K
  class space    used 794K, committed 896K, reserved 1048576K
}

Deoptimization events (4 events):
Event: 1.230 Thread 0x000001d8350a09c0 DEOPT PACKING pc=0x000001d83ce3dbf5 sp=0x0000004925cfd5f0
Event: 1.230 Thread 0x000001d8350a09c0 DEOPT UNPACKING pc=0x000001d83cbb2b43 sp=0x0000004925cfca48 mode 3
Event: 2.429 Thread 0x000001d8486da010 DEOPT PACKING pc=0x000001d83d0c322d sp=0x0000004927efba00
Event: 2.429 Thread 0x000001d8486da010 DEOPT UNPACKING pc=0x000001d83cbb2b43 sp=0x0000004927efaf60 mode 3

Classes unloaded (0 events):
No events

Classes redefined (0 events):
No events

Internal exceptions (20 events):
Event: 1.986 Thread 0x000001d848581740 Exception <a 'java/lang/NoSuchMethodError'{0x0000000090290348}: 'int java.lang.invoke.DirectMethodHandle$Holder.invokeSpecial(java.lang.Object, java.lang.Object, java.lang.Object, java.lang.Object)'> (0x0000000090290348) 
thrown [e:\jenkins\tmp\workspace\build\src\src\hotspot\share\interpreter\linkResolver.cpp, line 766]
Event: 2.037 Thread 0x000001d848581740 Exception <a 'java/lang/NoSuchMethodError'{0x00000000901ee108}: 'java.lang.Object java.lang.invoke.DirectMethodHandle$Holder.newInvokeSpecial(java.lang.Object, java.lang.Object, java.lang.Object, java.lang.Object, java.lang.Object, java.lang.Object)'> (0x00000000901ee108) 
thrown [e:\jenkins\tmp\workspace\build\src\src\hotspot\share\interpreter\linkResolver.cpp, line 766]
Event: 2.057 Thread 0x000001d848581740 Exception <a 'java/lang/NoSuchMethodError'{0x000000009009e868}: 'java.lang.Object java.lang.invoke.DirectMethodHandle$Holder.invokeSpecial(java.lang.Object, java.lang.Object, java.lang.Object, java.lang.Object, java.lang.Object, java.lang.Object, int)'> (0x000000009009e868) 
thrown [e:\jenkins\tmp\workspace\build\src\src\hotspot\share\interpreter\linkResolver.cpp, line 766]
Event: 2.059 Thread 0x000001d848581740 Exception <a 'java/lang/NoSuchMethodError'{0x00000000900a8dc8}: 'java.lang.Object java.lang.invoke.DirectMethodHandle$Holder.newInvokeSpecial(java.lang.Object, java.lang.Object, java.lang.Object, java.lang.Object, java.lang.Object, java.lang.Object, int)'> (0x00000000900a8dc8) 
thrown [e:\jenkins\tmp\workspace\build\src\src\hotspot\share\interpreter\linkResolver.cpp, line 766]
Event: 2.060 Thread 0x000001d848581740 Exception <a 'java/lang/NoSuchMethodError'{0x00000000900ade08}: 'java.lang.Object java.lang.invoke.DirectMethodHandle$Holder.invokeSpecial(java.lang.Object, java.lang.Object, java.lang.Object, java.lang.Object, java.lang.Object, java.lang.Object, java.lang.Object, int)'> (0x00000000900ade08) 
thrown [e:\jenkins\tmp\workspace\build\src\src\hotspot\share\interpreter\linkResolver.cpp, line 766]
Event: 2.167 Thread 0x000001d848581740 Exception <a 'java/lang/NoSuchMethodError'{0x000000008fdbdc28}: 'java.lang.Object java.lang.invoke.DirectMethodHandle$Holder.invokeSpecial(java.lang.Object, java.lang.Object, java.lang.Object, int, java.lang.Object)'> (0x000000008fdbdc28) 
thrown [e:\jenkins\tmp\workspace\build\src\src\hotspot\share\interpreter\linkResolver.cpp, line 766]
Event: 2.168 Thread 0x000001d848581740 Exception <a 'java/lang/NoSuchMethodError'{0x000000008fdc6290}: 'java.lang.Object java.lang.invoke.DirectMethodHandle$Holder.newInvokeSpecial(java.lang.Object, java.lang.Object, java.lang.Object, int, java.lang.Object)'> (0x000000008fdc6290) 
thrown [e:\jenkins\tmp\workspace\build\src\src\hotspot\share\interpreter\linkResolver.cpp, line 766]
Event: 2.168 Thread 0x000001d848581740 Exception <a 'java/lang/NoSuchMethodError'{0x000000008fdcdcf0}: 'java.lang.Object java.lang.invoke.Invokers$Holder.linkToTargetMethod(java.lang.Object, java.lang.Object, int, java.lang.Object, java.lang.Object)'> (0x000000008fdcdcf0) 
thrown [e:\jenkins\tmp\workspace\build\src\src\hotspot\share\interpreter\linkResolver.cpp, line 766]
Event: 2.169 Thread 0x000001d848581740 Exception <a 'java/lang/NoSuchMethodError'{0x000000008fdddd58}: 'java.lang.Object java.lang.invoke.DirectMethodHandle$Holder.newInvokeSpecial(java.lang.Object, int, java.lang.Object)'> (0x000000008fdddd58) 
thrown [e:\jenkins\tmp\workspace\build\src\src\hotspot\share\interpreter\linkResolver.cpp, line 766]
Event: 2.169 Thread 0x000001d848581740 Exception <a 'java/lang/NoSuchMethodError'{0x000000008fde2798}: 'int java.lang.invoke.DirectMethodHandle$Holder.invokeSpecialIFC(java.lang.Object, java.lang.Object, java.lang.Object, java.lang.Object)'> (0x000000008fde2798) 
thrown [e:\jenkins\tmp\workspace\build\src\src\hotspot\share\interpreter\linkResolver.cpp, line 766]
Event: 2.198 Thread 0x000001d848581740 Exception <a 'java/lang/NoSuchMethodError'{0x000000008fca3c60}: 'java.lang.Object java.lang.invoke.DirectMethodHandle$Holder.invokeInterface(java.lang.Object, java.lang.Object)'> (0x000000008fca3c60) 
thrown [e:\jenkins\tmp\workspace\build\src\src\hotspot\share\interpreter\linkResolver.cpp, line 766]
Event: 2.200 Thread 0x000001d848581740 Exception <a 'java/lang/NoSuchMethodError'{0x000000008fcb4348}: 'void java.lang.invoke.DirectMethodHandle$Holder.invokeInterface(java.lang.Object, java.lang.Object, java.lang.Object)'> (0x000000008fcb4348) 
thrown [e:\jenkins\tmp\workspace\build\src\src\hotspot\share\interpreter\linkResolver.cpp, line 766]
Event: 2.226 Thread 0x000001d848581740 Exception <a 'java/lang/NoSuchMethodError'{0x000000008fb55620}: 'java.lang.Object java.lang.invoke.DirectMethodHandle$Holder.invokeVirtual(java.lang.Object, java.lang.Object, java.lang.Object)'> (0x000000008fb55620) 
thrown [e:\jenkins\tmp\workspace\build\src\src\hotspot\share\interpreter\linkResolver.cpp, line 766]
Event: 2.255 Thread 0x000001d848581740 Exception <a 'java/lang/NoSuchMethodError'{0x000000008fbe3fc8}: 'void java.lang.invoke.DirectMethodHandle$Holder.invokeStatic(java.lang.Object, java.lang.Object, int)'> (0x000000008fbe3fc8) 
thrown [e:\jenkins\tmp\workspace\build\src\src\hotspot\share\interpreter\linkResolver.cpp, line 766]
Event: 2.259 Thread 0x000001d848581740 Exception <a 'java/lang/NoSuchMethodError'{0x000000008fbebd38}: 'void java.lang.invoke.DirectMethodHandle$Holder.invokeStaticInit(java.lang.Object, java.lang.Object)'> (0x000000008fbebd38) 
thrown [e:\jenkins\tmp\workspace\build\src\src\hotspot\share\interpreter\linkResolver.cpp, line 766]
Event: 2.265 Thread 0x000001d848581740 Exception <a 'java/lang/NoSuchMethodError'{0x000000008fa058b8}: 'void java.lang.invoke.DirectMethodHandle$Holder.invokeStaticInit(java.lang.Object, java.lang.Object, java.lang.Object)'> (0x000000008fa058b8) 
thrown [e:\jenkins\tmp\workspace\build\src\src\hotspot\share\interpreter\linkResolver.cpp, line 766]
Event: 2.287 Thread 0x000001d848581740 Exception <a 'java/lang/NoSuchMethodError'{0x000000008fa70648}: 'void java.lang.invoke.DirectMethodHandle$Holder.invokeVirtual(java.lang.Object, java.lang.Object, java.lang.Object, java.lang.Object)'> (0x000000008fa70648) 
thrown [e:\jenkins\tmp\workspace\build\src\src\hotspot\share\interpreter\linkResolver.cpp, line 766]
Event: 2.319 Thread 0x000001d848581740 Exception <a 'java/lang/NoSuchMethodError'{0x000000008f98a438}: 'void java.lang.invoke.DirectMethodHandle$Holder.invokeSpecial(java.lang.Object, java.lang.Object, java.lang.Object)'> (0x000000008f98a438) 
thrown [e:\jenkins\tmp\workspace\build\src\src\hotspot\share\interpreter\linkResolver.cpp, line 766]
Event: 2.319 Thread 0x000001d848581740 Exception <a 'java/lang/NoSuchMethodError'{0x000000008f990a10}: 'void java.lang.invoke.DirectMethodHandle$Holder.invokeSpecial(java.lang.Object, java.lang.Object, java.lang.Object, java.lang.Object, java.lang.Object)'> (0x000000008f990a10) 
thrown [e:\jenkins\tmp\workspace\build\src\src\hotspot\share\interpreter\linkResolver.cpp, line 766]
Event: 2.429 Thread 0x000001d8486da010 Implicit null exception at 0x000001d83d0c2b23 to 0x000001d83d0c3228

VM Operations (20 events):
Event: 0.412 Executing VM operation: HandshakeAllThreads
Event: 0.412 Executing VM operation: HandshakeAllThreads done
Event: 0.594 Executing VM operation: HandshakeAllThreads
Event: 0.594 Executing VM operation: HandshakeAllThreads done
Event: 0.766 Executing VM operation: HandshakeAllThreads
Event: 0.766 Executing VM operation: HandshakeAllThreads done
Event: 1.093 Executing VM operation: HandshakeAllThreads
Event: 1.093 Executing VM operation: HandshakeAllThreads done
Event: 1.093 Executing VM operation: Cleanup
Event: 1.094 Executing VM operation: Cleanup done
Event: 1.432 Executing VM operation: G1CollectForAllocation
Event: 1.449 Executing VM operation: G1CollectForAllocation done
Event: 1.470 Executing VM operation: G1CollectForAllocation
Event: 1.478 Executing VM operation: G1CollectForAllocation done
Event: 1.701 Executing VM operation: HandshakeAllThreads
Event: 1.701 Executing VM operation: HandshakeAllThreads done
Event: 2.133 Executing VM operation: HandshakeAllThreads
Event: 2.133 Executing VM operation: HandshakeAllThreads done
Event: 2.409 Executing VM operation: ICBufferFull
Event: 2.410 Executing VM operation: ICBufferFull done

Events (20 events):
Event: 2.334 loading class java/net/MalformedURLException
Event: 2.334 loading class java/net/MalformedURLException done
Event: 2.407 loading class java/util/regex/Pattern$SliceI
Event: 2.407 loading class java/util/regex/Pattern$SliceI done
Event: 2.407 loading class java/util/regex/Pattern$1
Event: 2.407 loading class java/util/regex/Pattern$1 done
Event: 2.418 loading class java/util/concurrent/locks/ReentrantReadWriteLock$NonfairSync
Event: 2.418 loading class java/util/concurrent/locks/ReentrantReadWriteLock$NonfairSync done
Event: 2.420 loading class java/util/concurrent/ConcurrentLinkedQueue
Event: 2.420 loading class java/util/concurrent/ConcurrentLinkedQueue done
Event: 2.420 loading class java/util/concurrent/ConcurrentLinkedQueue$Node
Event: 2.420 loading class java/util/concurrent/ConcurrentLinkedQueue$Node done
Event: 2.422 loading class java/lang/ThreadLocal$SuppliedThreadLocal
Event: 2.422 loading class java/lang/ThreadLocal$SuppliedThreadLocal done
Event: 2.453 loading class jdk/internal/reflect/UnsafeQualifiedStaticIntegerFieldAccessorImpl
Event: 2.454 loading class jdk/internal/reflect/UnsafeQualifiedStaticIntegerFieldAccessorImpl done
Event: 2.458 loading class org/xml/sax/ErrorHandler
Event: 2.458 loading class org/xml/sax/ErrorHandler done
Event: 2.490 loading class java/lang/annotation/Repeatable
Event: 2.490 loading class java/lang/annotation/Repeatable done


Dynamic libraries:
0x00007ff743020000 - 0x00007ff74302e000 	C:\Program Files\Eclipse Adoptium\jdk-17.0.1.12-hotspot\bin\java.exe
0x00007ff871920000 - 0x00007ff871b29000 	C:\WINDOWS\SYSTEM32\ntdll.dll
0x00007ff870f20000 - 0x00007ff870fdd000 	C:\WINDOWS\System32\KERNEL32.DLL
0x00007ff86ee80000 - 0x00007ff86f1f9000 	C:\WINDOWS\System32\KERNELBASE.dll
0x00007ff86f5f0000 - 0x00007ff86f701000 	C:\WINDOWS\System32\ucrtbase.dll
0x00007ff857970000 - 0x00007ff857989000 	C:\Program Files\Eclipse Adoptium\jdk-17.0.1.12-hotspot\bin\VCRUNTIME140.dll
0x00007ff857c40000 - 0x00007ff857c58000 	C:\Program Files\Eclipse Adoptium\jdk-17.0.1.12-hotspot\bin\jli.dll
0x00007ff870bd0000 - 0x00007ff870d7c000 	C:\WINDOWS\System32\USER32.dll
0x00007ff85eeb0000 - 0x00007ff85f155000 	C:\WINDOWS\WinSxS\amd64_microsoft.windows.common-controls_6595b64144ccf1df_6.0.22000.120_none_9d947278b86cc467\COMCTL32.dll
0x00007ff86f320000 - 0x00007ff86f346000 	C:\WINDOWS\System32\win32u.dll
0x00007ff8710d0000 - 0x00007ff871173000 	C:\WINDOWS\System32\msvcrt.dll
0x00007ff86fd20000 - 0x00007ff86fd49000 	C:\WINDOWS\System32\GDI32.dll
0x00007ff86f200000 - 0x00007ff86f312000 	C:\WINDOWS\System32\gdi32full.dll
0x00007ff86f710000 - 0x00007ff86f7ad000 	C:\WINDOWS\System32\msvcp_win.dll
0x00007ff86fee0000 - 0x00007ff86ff11000 	C:\WINDOWS\System32\IMM32.DLL
0x00007ff8627b0000 - 0x00007ff8627bc000 	C:\Program Files\Eclipse Adoptium\jdk-17.0.1.12-hotspot\bin\vcruntime140_1.dll
0x00007ff8455e0000 - 0x00007ff845671000 	C:\Program Files\Eclipse Adoptium\jdk-17.0.1.12-hotspot\bin\msvcp140.dll
0x00007ff834670000 - 0x00007ff8352b6000 	C:\Program Files\Eclipse Adoptium\jdk-17.0.1.12-hotspot\bin\server\jvm.dll
0x00007ff8717b0000 - 0x00007ff87185e000 	C:\WINDOWS\System32\ADVAPI32.dll
0x00007ff870ad0000 - 0x00007ff870b6e000 	C:\WINDOWS\System32\sechost.dll
0x00007ff8715a0000 - 0x00007ff8716c0000 	C:\WINDOWS\System32\RPCRT4.dll
0x00007ff86fd10000 - 0x00007ff86fd18000 	C:\WINDOWS\System32\PSAPI.DLL
0x00007ff868940000 - 0x00007ff868973000 	C:\WINDOWS\SYSTEM32\WINMM.dll
0x00007ff869c60000 - 0x00007ff869c69000 	C:\WINDOWS\SYSTEM32\WSOCK32.dll
0x00007ff86fd50000 - 0x00007ff86fdbf000 	C:\WINDOWS\System32\WS2_32.dll
0x00007ff866710000 - 0x00007ff86671a000 	C:\WINDOWS\SYSTEM32\VERSION.dll
0x00007ff86df00000 - 0x00007ff86df18000 	C:\WINDOWS\SYSTEM32\kernel.appcore.dll
0x00007ff862580000 - 0x00007ff86258a000 	C:\Program Files\Eclipse Adoptium\jdk-17.0.1.12-hotspot\bin\jimage.dll
0x00007ff86ca20000 - 0x00007ff86cc41000 	C:\WINDOWS\SYSTEM32\DBGHELP.DLL
0x00007ff856040000 - 0x00007ff856071000 	C:\WINDOWS\SYSTEM32\dbgcore.DLL
0x00007ff86ee00000 - 0x00007ff86ee7f000 	C:\WINDOWS\System32\bcryptPrimitives.dll
0x00007ff861a60000 - 0x00007ff861a6e000 	C:\Program Files\Eclipse Adoptium\jdk-17.0.1.12-hotspot\bin\instrument.dll
0x00007ff84c140000 - 0x00007ff84c165000 	C:\Program Files\Eclipse Adoptium\jdk-17.0.1.12-hotspot\bin\java.dll
0x00007ff845500000 - 0x00007ff8455d6000 	C:\Program Files\Eclipse Adoptium\jdk-17.0.1.12-hotspot\bin\svml.dll
0x00007ff86ff20000 - 0x00007ff8706d8000 	C:\WINDOWS\System32\SHELL32.dll
0x00007ff86cf70000 - 0x00007ff86d7d8000 	C:\WINDOWS\SYSTEM32\windows.storage.dll
0x00007ff870750000 - 0x00007ff870ac9000 	C:\WINDOWS\System32\combase.dll
0x00007ff86ce00000 - 0x00007ff86cf66000 	C:\WINDOWS\SYSTEM32\wintypes.dll
0x00007ff871390000 - 0x00007ff87147a000 	C:\WINDOWS\System32\SHCORE.dll
0x00007ff86fe80000 - 0x00007ff86fedd000 	C:\WINDOWS\System32\shlwapi.dll
0x00007ff86ed30000 - 0x00007ff86ed51000 	C:\WINDOWS\SYSTEM32\profapi.dll
0x00007ff84d8d0000 - 0x00007ff84d8e8000 	C:\Program Files\Eclipse Adoptium\jdk-17.0.1.12-hotspot\bin\zip.dll
0x00007ff855cc0000 - 0x00007ff855cd9000 	C:\Program Files\Eclipse Adoptium\jdk-17.0.1.12-hotspot\bin\net.dll
0x00007ff8690b0000 - 0x00007ff8691bc000 	C:\WINDOWS\SYSTEM32\WINHTTP.dll
0x00007ff86e330000 - 0x00007ff86e397000 	C:\WINDOWS\system32\mswsock.dll
0x00007ff84e320000 - 0x00007ff84e335000 	C:\Program Files\Eclipse Adoptium\jdk-17.0.1.12-hotspot\bin\nio.dll
0x00007ff84c120000 - 0x00007ff84c13a000 	C:\Program Files\JetBrains\IntelliJ IDEA 2021.1.3\bin\breakgen64.dll
0x00007ff86daa0000 - 0x00007ff86db88000 	C:\WINDOWS\SYSTEM32\DNSAPI.dll
0x00007ff86da70000 - 0x00007ff86da9d000 	C:\WINDOWS\SYSTEM32\IPHLPAPI.DLL
0x00007ff870fe0000 - 0x00007ff870fe9000 	C:\WINDOWS\System32\NSI.dll
0x00007ff85ab40000 - 0x00007ff85ab4a000 	C:\Windows\System32\rasadhlp.dll
0x00007ff8668f0000 - 0x00007ff866971000 	C:\WINDOWS\System32\fwpuclnt.dll
0x00007ff861a00000 - 0x00007ff861a09000 	C:\Program Files\Eclipse Adoptium\jdk-17.0.1.12-hotspot\bin\management.dll
0x00007ff85e1d0000 - 0x00007ff85e1db000 	C:\Program Files\Eclipse Adoptium\jdk-17.0.1.12-hotspot\bin\management_ext.dll
0x00007ff86e570000 - 0x00007ff86e588000 	C:\WINDOWS\SYSTEM32\CRYPTSP.dll
0x00007ff86de60000 - 0x00007ff86de95000 	C:\WINDOWS\system32\rsaenh.dll
0x00007ff86e420000 - 0x00007ff86e449000 	C:\WINDOWS\SYSTEM32\USERENV.dll
0x00007ff86e760000 - 0x00007ff86e787000 	C:\WINDOWS\SYSTEM32\bcrypt.dll
0x00007ff86e590000 - 0x00007ff86e59c000 	C:\WINDOWS\SYSTEM32\CRYPTBASE.dll
0x00007ff869540000 - 0x00007ff869559000 	C:\WINDOWS\SYSTEM32\dhcpcsvc6.DLL
0x00007ff869870000 - 0x00007ff86988e000 	C:\WINDOWS\SYSTEM32\dhcpcsvc.DLL
0x00007ff84f2c0000 - 0x00007ff84f2d7000 	C:\WINDOWS\system32\napinsp.dll
0x00007ff84f2a0000 - 0x00007ff84f2bb000 	C:\WINDOWS\system32\pnrpnsp.dll
0x00007ff84f280000 - 0x00007ff84f292000 	C:\WINDOWS\System32\winrnr.dll
0x00007ff8668d0000 - 0x00007ff8668e5000 	C:\WINDOWS\system32\wshbth.dll
0x00007ff84f260000 - 0x00007ff84f27f000 	C:\WINDOWS\system32\nlansp_c.dll

dbghelp: loaded successfully - version: 4.0.5 - missing functions: none
symbol engine: initialized successfully - sym options: 0x614 - pdb path: .;C:\Program Files\Eclipse Adoptium\jdk-17.0.1.12-hotspot\bin;C:\WINDOWS\SYSTEM32;C:\WINDOWS\WinSxS\amd64_microsoft.windows.common-controls_6595b64144ccf1df_6.0.22000.120_none_9d947278b86cc467;C:\Program Files\Eclipse Adoptium\jdk-17.0.1.12-hotspot\bin\server;C:\Program Files\JetBrains\IntelliJ IDEA 2021.1.3\bin

VM Arguments:
jvm_args: -XX:TieredStopAtLevel=1 -Xverify:none -Dspring.output.ansi.enabled=always -javaagent:C:\Program Files\JetBrains\IntelliJ IDEA 2021.1.3\lib\idea_rt.jar=55931:C:\Program Files\JetBrains\IntelliJ IDEA 2021.1.3\bin -Dcom.sun.management.jmxremote -Dspring.jmx.enabled=true -Dspring.liveBeansView.mbeanDomain -Dspring.application.admin.enabled=true -Dfile.encoding=UTF-8 
java_command: vn.anthinhphatjsc.menuzi.service.Application
java_class_path (initial): C:\ATP\MenuOnline\menuzi.system\target\classes;C:\Users\ACER\.m2\repository\org\springframework\boot\spring-boot-starter-mail\2.5.6\spring-boot-starter-mail-2.5.6.jar;C:\Users\ACER\.m2\repository\org\springframework\boot\spring-boot-starter\2.6.7\spring-boot-starter-2.6.7.jar;C:\Users\ACER\.m2\repository\org\springframework\boot\spring-boot-starter-logging\2.6.7\spring-boot-starter-logging-2.6.7.jar;C:\Users\ACER\.m2\repository\ch\qos\logback\logback-classic\1.2.11\logback-classic-1.2.11.jar;C:\Users\ACER\.m2\repository\ch\qos\logback\logback-core\1.2.11\logback-core-1.2.11.jar;C:\Users\ACER\.m2\repository\org\apache\logging\log4j\log4j-to-slf4j\2.17.2\log4j-to-slf4j-2.17.2.jar;C:\Users\ACER\.m2\repository\org\apache\logging\log4j\log4j-api\2.17.2\log4j-api-2.17.2.jar;C:\Users\ACER\.m2\repository\org\slf4j\jul-to-slf4j\1.7.36\jul-to-slf4j-1.7.36.jar;C:\Users\ACER\.m2\repository\org\yaml\snakeyaml\1.29\snakeyaml-1.29.jar;C:\Users\ACER\.m2\repository\org\springframework\spring-context-support\5.3.19\spring-context-support-5.3.19.jar;C:\Users\ACER\.m2\repository\org\springframework\spring-beans\5.3.19\spring-beans-5.3.19.jar;C:\Users\ACER\.m2\repository\org\springframework\spring-context\5.3.19\spring-context-5.3.19.jar;C:\Users\ACER\.m2\repository\com\sun\mail\jakarta.mail\1.6.7\jakarta.mail-1.6.7.jar;C:\Users\ACER\.m2\repository\com\sun\activation\jakarta.activation\1.2.2\jakarta.activation-1.2.2.jar;C:\Users\ACER\.m2\repository\org\springframework\spring-core\5.3.20\spring-core-5.3.20.jar;C:\Users\ACER\.m2\repository\org\springframework\spring-jcl\5.3.19\spring-jcl-5.3.19.jar;C:\Users\ACER\.m2\repository\org\springframework\boot\spring-boot-starter-data-jpa\2.6.7\spring-boot-starter-data-jpa-2.6.7.jar;C:\Users\ACER\.m2\repository\org\springframework\boot\spring-boot-starter-aop\2.6.7\spring-boot-starter-aop-2.6.7.jar;C:\Users\ACER\.m2\repository\org\aspectj\aspectjweaver\1.9.7\aspectjweaver-1.9.7.jar;C:\Users\ACER\.m2\repository\org\spri
Launcher Type: SUN_STANDARD

[Global flags]
     intx CICompilerCount                          = 4                                         {product} {ergonomic}
     uint ConcGCThreads                            = 3                                         {product} {ergonomic}
     uint G1ConcRefinementThreads                  = 10                                        {product} {ergonomic}
   size_t G1HeapRegionSize                         = 1048576                                   {product} {ergonomic}
    uintx GCDrainStackTargetSize                   = 64                                        {product} {ergonomic}
   size_t InitialHeapSize                          = 123731968                                 {product} {ergonomic}
     bool ManagementServer                         = true                                      {product} {command line}
   size_t MarkStackSize                            = 4194304                                   {product} {ergonomic}
   size_t MaxHeapSize                              = 1975517184                                {product} {ergonomic}
   size_t MaxNewSize                               = 1184890880                                {product} {ergonomic}
   size_t MinHeapDeltaBytes                        = 1048576                                   {product} {ergonomic}
   size_t MinHeapSize                              = 8388608                                   {product} {ergonomic}
    uintx NonProfiledCodeHeapSize                  = 0                                      {pd product} {ergonomic}
     bool ProfileInterpreter                       = false                                  {pd product} {command line}
    uintx ProfiledCodeHeapSize                     = 0                                      {pd product} {ergonomic}
   size_t SoftMaxHeapSize                          = 1975517184                             {manageable} {ergonomic}
     intx TieredStopAtLevel                        = 1                                         {product} {command line}
     bool UseCompressedClassPointers               = true                           {product lp64_product} {ergonomic}
     bool UseCompressedOops                        = true                           {product lp64_product} {ergonomic}
     bool UseG1GC                                  = true                                      {product} {ergonomic}
     bool UseLargePagesIndividualAllocation        = false                                  {pd product} {ergonomic}

Logging:
Log output configuration:
 #0: stdout all=warning uptime,level,tags
 #1: stderr all=off uptime,level,tags

Environment Variables:
JAVA_HOME=C:\Program Files\Eclipse Adoptium\jdk-17.0.1.12-hotspot\
PATH=C:\Program Files (x86)\Common Files\Oracle\Java\javapath;C:\Program Files\Eclipse Adoptium\jdk-17.0.1.12-hotspot\bin;C:\Windows\system32;C:\Windows;C:\Windows\System32\Wbem;C:\Windows\System32\WindowsPowerShell\v1.0\;C:\Windows\System32\OpenSSH\;C:\Program Files\NVIDIA Corporation\NVIDIA NvDLISR;C:\Program Files\Git\cmd;C:\WINDOWS\system32;C:\WINDOWS;C:\WINDOWS\System32\Wbem;C:\WINDOWS\System32\WindowsPowerShell\v1.0\;C:\WINDOWS\System32\OpenSSH\;C:\Program Files\nodejs\;C:\Program Files\MySQL\MySQL Shell 8.0\bin\;C:\Users\ACER\AppData\Local\Microsoft\WindowsApps;C:\Users\ACER\AppData\Roaming\npm;C:\Users\ACER\AppData\Local\Programs\Microsoft VS Code\bin;C:\Program Files\JetBrains\IntelliJ IDEA 2021.1.3\bin;
USERNAME=ACER
OS=Windows_NT
PROCESSOR_IDENTIFIER=AMD64 Family 23 Model 104 Stepping 1, AuthenticAMD



---------------  S Y S T E M  ---------------

OS:
 Windows 10 , 64 bit Build 22000 (10.0.22000.708)
OS uptime: 1 days 11:27 hours

CPU: total 12 (initial active 12) (12 cores per cpu, 2 threads per core) family 23 model 104 stepping 1 microcode 0x0, cx8, cmov, fxsr, ht, mmx, 3dnowpref, sse, sse2, sse3, ssse3, sse4a, sse4.1, sse4.2, popcnt, lzcnt, tsc, tscinvbit, avx, avx2, aes, clmul, bmi1, bmi2, adx, sha, fma, vzeroupper, clflush, clflushopt

Memory: 4k page, system-wide physical 7530M (530M free)
TotalPageFile size 14698M (AvailPageFile size 238M)
current process WorkingSet (physical memory assigned to process): 107M, peak: 107M
current process commit charge ("private bytes"): 225M, peak: 225M

vm_info: OpenJDK 64-Bit Server VM (17.0.1+12) for windows-amd64 JRE (17.0.1+12), built on Oct 20 2021 07:42:55 by "" with MS VC++ 16.7 (VS2019)

END.
